# JRE version: OpenJDK Runtime Environment Corretto-21.0.5.11.1 (21.0.5+11) (build 21.0.5+11-LTS)
# Java VM: OpenJDK 64-Bit Server VM Corretto-21.0.5.11.1 (21.0.5+11-LTS, mixed mode, sharing, tiered, compressed oops, compressed class ptrs, g1 gc, windows-amd64)
GC Precious Log:
 CardTable entry size: 512
 Card Set container configuration: InlinePtr #cards 5 size 8 Array Of Cards #cards 12 size 40 Howl #buckets 4 coarsen threshold 1843 Howl Bitmap #cards 512 size 80 coarsen threshold 460 Card regions per heap region 1 cards per card region 2048
 CPUs: 8 total, 8 available
 Memory: 6030M
 Large Page Support: Disabled
 NUMA Support: Disabled
 Compressed Oops: Enabled (32-bit)
 Heap Region Size: 1M
 Heap Min Capacity: 8M
 Heap Initial Capacity: 96M
 Heap Max Capacity: 1508M
 Pre-touch: Disabled
 Parallel Workers: 8
 Concurrent Workers: 2
 Concurrent Refinement Workers: 8
 Periodic GC: Disabled
Heap:
 garbage-first heap   total 92160K, used 28177K [0x00000000a1c00000, 0x0000000100000000)
  region size 1024K, 10 young (10240K), 2 survivors (2048K)
 Metaspace       used 26605K, committed 27008K, reserved 1114112K
  class space    used 3291K, committed 3456K, reserved 1048576K
GC Heap History (20 events):
Event: 124.340 GC heap before
{Heap before GC invocations=6 (full 0):
 garbage-first heap   total 58368K, used 17358K [0x00000000a1c00000, 0x0000000100000000)
  region size 1024K, 2 young (2048K), 1 survivors (1024K)
 Metaspace       used 21358K, committed 21760K, reserved 1114112K
  class space    used 2737K, committed 2880K, reserved 1048576K
}
Event: 124.342 GC heap after
{Heap after GC invocations=7 (full 0):
 garbage-first heap   total 58368K, used 16288K [0x00000000a1c00000, 0x0000000100000000)
  region size 1024K, 1 young (1024K), 1 survivors (1024K)
 Metaspace       used 21358K, committed 21760K, reserved 1114112K
  class space    used 2737K, committed 2880K, reserved 1048576K
}
Event: 124.408 GC heap before
{Heap before GC invocations=7 (full 0):
 garbage-first heap   total 58368K, used 16288K [0x00000000a1c00000, 0x0000000100000000)
  region size 1024K, 2 young (2048K), 1 survivors (1024K)
 Metaspace       used 21612K, committed 22016K, reserved 1114112K
  class space    used 2771K, committed 2944K, reserved 1048576K
}
Event: 124.411 GC heap after
{Heap after GC invocations=8 (full 0):
 garbage-first heap   total 58368K, used 16121K [0x00000000a1c00000, 0x0000000100000000)
  region size 1024K, 1 young (1024K), 1 survivors (1024K)
 Metaspace       used 21612K, committed 22016K, reserved 1114112K
  class space    used 2771K, committed 2944K, reserved 1048576K
}
Event: 124.514 GC heap before
{Heap before GC invocations=8 (full 0):
 garbage-first heap   total 58368K, used 17145K [0x00000000a1c00000, 0x0000000100000000)
  region size 1024K, 2 young (2048K), 1 survivors (1024K)
 Metaspace       used 21923K, committed 22400K, reserved 1114112K
  class space    used 2820K, committed 3072K, reserved 1048576K
}
Event: 124.517 GC heap after
{Heap after GC invocations=9 (full 0):
 garbage-first heap   total 92160K, used 16170K [0x00000000a1c00000, 0x0000000100000000)
  region size 1024K, 1 young (1024K), 1 survivors (1024K)
 Metaspace       used 21923K, committed 22400K, reserved 1114112K
  class space    used 2820K, committed 3072K, reserved 1048576K
}
Event: 125.167 GC heap before
{Heap before GC invocations=9 (full 0):
 garbage-first heap   total 92160K, used 19242K [0x00000000a1c00000, 0x0000000100000000)
  region size 1024K, 4 young (4096K), 1 survivors (1024K)
 Metaspace       used 22421K, committed 22848K, reserved 1114112K
  class space    used 2862K, committed 3072K, reserved 1048576K
}
Event: 125.170 GC heap after
{Heap after GC invocations=10 (full 0):
 garbage-first heap   total 92160K, used 16374K [0x00000000a1c00000, 0x0000000100000000)
  region size 1024K, 1 young (1024K), 1 survivors (1024K)
 Metaspace       used 22421K, committed 22848K, reserved 1114112K
  class space    used 2862K, committed 3072K, reserved 1048576K
}
Event: 125.691 GC heap before
{Heap before GC invocations=10 (full 0):
 garbage-first heap   total 92160K, used 19446K [0x00000000a1c00000, 0x0000000100000000)
  region size 1024K, 4 young (4096K), 1 survivors (1024K)
 Metaspace       used 22794K, committed 23232K, reserved 1114112K
  class space    used 2927K, committed 3136K, reserved 1048576K
}
Event: 125.695 GC heap after
{Heap after GC invocations=11 (full 0):
 garbage-first heap   total 92160K, used 16877K [0x00000000a1c00000, 0x0000000100000000)
  region size 1024K, 1 young (1024K), 1 survivors (1024K)
 Metaspace       used 22794K, committed 23232K, reserved 1114112K
  class space    used 2927K, committed 3136K, reserved 1048576K
}
Event: 137.393 GC heap before
{Heap before GC invocations=11 (full 0):
 garbage-first heap   total 92160K, used 19949K [0x00000000a1c00000, 0x0000000100000000)
  region size 1024K, 4 young (4096K), 1 survivors (1024K)
 Metaspace       used 22925K, committed 23360K, reserved 1114112K
  class space    used 2938K, committed 3136K, reserved 1048576K
}
Event: 137.399 GC heap after
{Heap after GC invocations=12 (full 0):
 garbage-first heap   total 92160K, used 17569K [0x00000000a1c00000, 0x0000000100000000)
  region size 1024K, 1 young (1024K), 1 survivors (1024K)
 Metaspace       used 22925K, committed 23360K, reserved 1114112K
  class space    used 2938K, committed 3136K, reserved 1048576K
}
Event: 140.014 GC heap before
{Heap before GC invocations=12 (full 0):
 garbage-first heap   total 92160K, used 20641K [0x00000000a1c00000, 0x0000000100000000)
  region size 1024K, 4 young (4096K), 1 survivors (1024K)
 Metaspace       used 23129K, committed 23552K, reserved 1114112K
  class space    used 2963K, committed 3136K, reserved 1048576K
}
Event: 140.018 GC heap after
{Heap after GC invocations=13 (full 0):
 garbage-first heap   total 92160K, used 18267K [0x00000000a1c00000, 0x0000000100000000)
  region size 1024K, 1 young (1024K), 1 survivors (1024K)
 Metaspace       used 23129K, committed 23552K, reserved 1114112K
  class space    used 2963K, committed 3136K, reserved 1048576K
}
Event: 140.160 GC heap before
{Heap before GC invocations=13 (full 0):
 garbage-first heap   total 92160K, used 22363K [0x00000000a1c00000, 0x0000000100000000)
  region size 1024K, 6 young (6144K), 1 survivors (1024K)
 Metaspace       used 23325K, committed 23744K, reserved 1114112K
  class space    used 2976K, committed 3200K, reserved 1048576K
}
Event: 140.163 GC heap after
{Heap after GC invocations=14 (full 0):
 garbage-first heap   total 92160K, used 18898K [0x00000000a1c00000, 0x0000000100000000)
  region size 1024K, 1 young (1024K), 1 survivors (1024K)
 Metaspace       used 23325K, committed 23744K, reserved 1114112K
  class space    used 2976K, committed 3200K, reserved 1048576K
}
Event: 140.351 GC heap before
{Heap before GC invocations=14 (full 0):
 garbage-first heap   total 92160K, used 25042K [0x00000000a1c00000, 0x0000000100000000)
  region size 1024K, 8 young (8192K), 1 survivors (1024K)
 Metaspace       used 24416K, committed 24832K, reserved 1114112K
  class space    used 3058K, committed 3264K, reserved 1048576K
}
Event: 140.354 GC heap after
{Heap after GC invocations=15 (full 0):
 garbage-first heap   total 92160K, used 19887K [0x00000000a1c00000, 0x0000000100000000)
  region size 1024K, 1 young (1024K), 1 survivors (1024K)
 Metaspace       used 24416K, committed 24832K, reserved 1114112K
  class space    used 3058K, committed 3264K, reserved 1048576K
}
Event: 140.686 GC heap before
{Heap before GC invocations=15 (full 0):
 garbage-first heap   total 92160K, used 28079K [0x00000000a1c00000, 0x0000000100000000)
  region size 1024K, 10 young (10240K), 1 survivors (1024K)
 Metaspace       used 25700K, committed 26112K, reserved 1114112K
  class space    used 3186K, committed 3392K, reserved 1048576K
}
Event: 140.690 GC heap after
{Heap after GC invocations=16 (full 0):
 garbage-first heap   total 92160K, used 21009K [0x00000000a1c00000, 0x0000000100000000)
  region size 1024K, 2 young (2048K), 2 survivors (2048K)
 Metaspace       used 25700K, committed 26112K, reserved 1114112K
  class space    used 3186K, committed 3392K, reserved 1048576K
}

